  Dynamic Block.cpp
C:\Users\ys122\source\repos\FTL basic\FTL basic\Dynamic Block.cpp(60,76): warning C4267: '초기화 중': 'size_t'에서 'int'(으)로 변환하면서 데이터가 손실될 수 있습니다.
C:\Users\ys122\source\repos\FTL basic\FTL basic\Dynamic Block.cpp(64,69): warning C4267: '초기화 중': 'size_t'에서 'int'(으)로 변환하면서 데이터가 손실될 수 있습니다.
C:\Users\ys122\source\repos\FTL basic\FTL basic\Dynamic Block.cpp(81,43): warning C4267: '초기화 중': 'size_t'에서 'int'(으)로 변환하면서 데이터가 손실될 수 있습니다.
C:\Users\ys122\source\repos\FTL basic\FTL basic\Dynamic Block.cpp(82,55): warning C4267: '초기화 중': 'size_t'에서 'int'(으)로 변환하면서 데이터가 손실될 수 있습니다.
C:\Users\ys122\source\repos\FTL basic\FTL basic\Dynamic Block.cpp(83,42): warning C4267: '초기화 중': 'size_t'에서 'int'(으)로 변환하면서 데이터가 손실될 수 있습니다.
C:\Users\ys122\source\repos\FTL basic\FTL basic\Dynamic Block.cpp(138,43): warning C4267: '초기화 중': 'size_t'에서 'int'(으)로 변환하면서 데이터가 손실될 수 있습니다.
C:\Users\ys122\source\repos\FTL basic\FTL basic\Dynamic Block.cpp(152,51): warning C4267: '초기화 중': 'size_t'에서 'int'(으)로 변환하면서 데이터가 손실될 수 있습니다.
C:\Users\ys122\source\repos\FTL basic\FTL basic\Dynamic Block.cpp(177,42): warning C4267: '초기화 중': 'size_t'에서 'int'(으)로 변환하면서 데이터가 손실될 수 있습니다.
C:\Users\ys122\source\repos\FTL basic\FTL basic\Dynamic Block.cpp(178,48): warning C4267: '초기화 중': 'size_t'에서 'int'(으)로 변환하면서 데이터가 손실될 수 있습니다.
C:\Users\ys122\source\repos\FTL basic\FTL basic\Dynamic Block.cpp(179,43): warning C4267: '초기화 중': 'size_t'에서 'int'(으)로 변환하면서 데이터가 손실될 수 있습니다.
  Dynamic Sector.cpp
C:\Users\ys122\source\repos\FTL basic\FTL basic\Dynamic Sector.cpp(18,76): warning C4267: '초기화 중': 'size_t'에서 'int'(으)로 변환하면서 데이터가 손실될 수 있습니다.
C:\Users\ys122\source\repos\FTL basic\FTL basic\Dynamic Sector.cpp(22,69): warning C4267: '초기화 중': 'size_t'에서 'int'(으)로 변환하면서 데이터가 손실될 수 있습니다.
C:\Users\ys122\source\repos\FTL basic\FTL basic\Dynamic Sector.cpp(39,43): warning C4267: '초기화 중': 'size_t'에서 'int'(으)로 변환하면서 데이터가 손실될 수 있습니다.
C:\Users\ys122\source\repos\FTL basic\FTL basic\Dynamic Sector.cpp(40,55): warning C4267: '초기화 중': 'size_t'에서 'int'(으)로 변환하면서 데이터가 손실될 수 있습니다.
C:\Users\ys122\source\repos\FTL basic\FTL basic\Dynamic Sector.cpp(41,42): warning C4267: '초기화 중': 'size_t'에서 'int'(으)로 변환하면서 데이터가 손실될 수 있습니다.
C:\Users\ys122\source\repos\FTL basic\FTL basic\Dynamic Sector.cpp(80,43): warning C4267: '초기화 중': 'size_t'에서 'int'(으)로 변환하면서 데이터가 손실될 수 있습니다.
C:\Users\ys122\source\repos\FTL basic\FTL basic\Dynamic Sector.cpp(94,51): warning C4267: '초기화 중': 'size_t'에서 'int'(으)로 변환하면서 데이터가 손실될 수 있습니다.
C:\Users\ys122\source\repos\FTL basic\FTL basic\Dynamic Sector.cpp(119,42): warning C4267: '초기화 중': 'size_t'에서 'int'(으)로 변환하면서 데이터가 손실될 수 있습니다.
C:\Users\ys122\source\repos\FTL basic\FTL basic\Dynamic Sector.cpp(120,48): warning C4267: '초기화 중': 'size_t'에서 'int'(으)로 변환하면서 데이터가 손실될 수 있습니다.
C:\Users\ys122\source\repos\FTL basic\FTL basic\Dynamic Sector.cpp(121,43): warning C4267: '초기화 중': 'size_t'에서 'int'(으)로 변환하면서 데이터가 손실될 수 있습니다.
  FlashMemory.cpp
  main.cpp
  Static Block.cpp
C:\Users\ys122\source\repos\FTL basic\FTL basic\Static Block.cpp(18,76): warning C4267: '초기화 중': 'size_t'에서 'int'(으)로 변환하면서 데이터가 손실될 수 있습니다.
C:\Users\ys122\source\repos\FTL basic\FTL basic\Static Block.cpp(22,69): warning C4267: '초기화 중': 'size_t'에서 'int'(으)로 변환하면서 데이터가 손실될 수 있습니다.
C:\Users\ys122\source\repos\FTL basic\FTL basic\Static Block.cpp(36,41): warning C4267: '=': 'size_t'에서 'int'(으)로 변환하면서 데이터가 손실될 수 있습니다.
C:\Users\ys122\source\repos\FTL basic\FTL basic\Static Block.cpp(41,43): warning C4267: '초기화 중': 'size_t'에서 'int'(으)로 변환하면서 데이터가 손실될 수 있습니다.
C:\Users\ys122\source\repos\FTL basic\FTL basic\Static Block.cpp(42,55): warning C4267: '초기화 중': 'size_t'에서 'int'(으)로 변환하면서 데이터가 손실될 수 있습니다.
C:\Users\ys122\source\repos\FTL basic\FTL basic\Static Block.cpp(43,42): warning C4267: '초기화 중': 'size_t'에서 'int'(으)로 변환하면서 데이터가 손실될 수 있습니다.
C:\Users\ys122\source\repos\FTL basic\FTL basic\Static Block.cpp(102,43): warning C4267: '초기화 중': 'size_t'에서 'int'(으)로 변환하면서 데이터가 손실될 수 있습니다.
C:\Users\ys122\source\repos\FTL basic\FTL basic\Static Block.cpp(116,51): warning C4267: '초기화 중': 'size_t'에서 'int'(으)로 변환하면서 데이터가 손실될 수 있습니다.
C:\Users\ys122\source\repos\FTL basic\FTL basic\Static Block.cpp(142,42): warning C4267: '초기화 중': 'size_t'에서 'int'(으)로 변환하면서 데이터가 손실될 수 있습니다.
C:\Users\ys122\source\repos\FTL basic\FTL basic\Static Block.cpp(143,48): warning C4267: '초기화 중': 'size_t'에서 'int'(으)로 변환하면서 데이터가 손실될 수 있습니다.
C:\Users\ys122\source\repos\FTL basic\FTL basic\Static Block.cpp(144,43): warning C4267: '초기화 중': 'size_t'에서 'int'(으)로 변환하면서 데이터가 손실될 수 있습니다.
  Static Sector.cpp
C:\Users\ys122\source\repos\FTL basic\FTL basic\Static Sector.cpp(19,76): warning C4267: '초기화 중': 'size_t'에서 'int'(으)로 변환하면서 데이터가 손실될 수 있습니다.
C:\Users\ys122\source\repos\FTL basic\FTL basic\Static Sector.cpp(23,69): warning C4267: '초기화 중': 'size_t'에서 'int'(으)로 변환하면서 데이터가 손실될 수 있습니다.
C:\Users\ys122\source\repos\FTL basic\FTL basic\Static Sector.cpp(37,41): warning C4267: '=': 'size_t'에서 'int'(으)로 변환하면서 데이터가 손실될 수 있습니다.
C:\Users\ys122\source\repos\FTL basic\FTL basic\Static Sector.cpp(49,43): warning C4267: '초기화 중': 'size_t'에서 'int'(으)로 변환하면서 데이터가 손실될 수 있습니다.
C:\Users\ys122\source\repos\FTL basic\FTL basic\Static Sector.cpp(50,55): warning C4267: '초기화 중': 'size_t'에서 'int'(으)로 변환하면서 데이터가 손실될 수 있습니다.
C:\Users\ys122\source\repos\FTL basic\FTL basic\Static Sector.cpp(51,42): warning C4267: '초기화 중': 'size_t'에서 'int'(으)로 변환하면서 데이터가 손실될 수 있습니다.
C:\Users\ys122\source\repos\FTL basic\FTL basic\Static Sector.cpp(104,43): warning C4267: '초기화 중': 'size_t'에서 'int'(으)로 변환하면서 데이터가 손실될 수 있습니다.
C:\Users\ys122\source\repos\FTL basic\FTL basic\Static Sector.cpp(118,51): warning C4267: '초기화 중': 'size_t'에서 'int'(으)로 변환하면서 데이터가 손실될 수 있습니다.
C:\Users\ys122\source\repos\FTL basic\FTL basic\Static Sector.cpp(144,42): warning C4267: '초기화 중': 'size_t'에서 'int'(으)로 변환하면서 데이터가 손실될 수 있습니다.
C:\Users\ys122\source\repos\FTL basic\FTL basic\Static Sector.cpp(145,48): warning C4267: '초기화 중': 'size_t'에서 'int'(으)로 변환하면서 데이터가 손실될 수 있습니다.
C:\Users\ys122\source\repos\FTL basic\FTL basic\Static Sector.cpp(146,43): warning C4267: '초기화 중': 'size_t'에서 'int'(으)로 변환하면서 데이터가 손실될 수 있습니다.
  workload read.cpp
  코드를 생성하고 있습니다...
C:\Users\ys122\source\repos\FTL basic\FTL basic\Static Sector.cpp(141): warning C4715: 'StaticSector::BS_number': 모든 제어 경로에서 값을 반환하지는 않습니다.
C:\Users\ys122\source\repos\FTL basic\FTL basic\Static Block.cpp(139): warning C4715: 'StaticBlock::BS_number': 모든 제어 경로에서 값을 반환하지는 않습니다.
C:\Users\ys122\source\repos\FTL basic\FTL basic\Dynamic Sector.cpp(116): warning C4715: 'DynamicSector::BS_number': 모든 제어 경로에서 값을 반환하지는 않습니다.
C:\Users\ys122\source\repos\FTL basic\FTL basic\Dynamic Block.cpp(174): warning C4715: 'DynamicBlock::BS_number': 모든 제어 경로에서 값을 반환하지는 않습니다.
  FTL basic.vcxproj -> C:\Users\ys122\source\repos\FTL basic\x64\Debug\FTL basic.exe
